<?xml version="1.0" encoding="UTF-8"?>
<testng-results total="13" passed="9" failed="4" skipped="0">
  <reporter-output>
  </reporter-output>
  <suite started-at="2022-05-01T22:39:07Z" name="Default suite" finished-at="2022-05-01T22:41:36Z" duration-ms="148809">
    <groups>
    </groups>
    <test started-at="2022-05-01T22:39:07Z" name="Default test" finished-at="2022-05-01T22:41:36Z" duration-ms="148809">
      <class name="com.lumu.automationTesting.CheckNumberOfWords">
        <test-method is-config="true" signature="openWordCounterPage()[pri:0, instance:com.lumu.automationTesting.CheckNumberOfWords@305ffe9e]" started-at="2022-05-01T17:39:07Z" name="openWordCounterPage" finished-at="2022-05-01T17:39:18Z" duration-ms="11121" status="PASS">
          <reporter-output>
          </reporter-output>
        </test-method> <!-- openWordCounterPage -->
        <test-method signature="checkNumberOfWords(java.lang.String)[pri:0, instance:com.lumu.automationTesting.CheckNumberOfWords@305ffe9e]" started-at="2022-05-01T17:39:18Z" name="checkNumberOfWords" data-provider="testString" finished-at="2022-05-01T17:39:18Z" duration-ms="415" status="FAIL">
          <params>
            <param index="0">
              <value>
                <![CDATA[Prueba Densidad de Palabras, cuando se tienen números 123 en la cadena, No los debe contar.]]>
              </value>
            </param>
          </params>
          <exception class="junit.framework.AssertionFailedError">
            <message>
              <![CDATA[La cantidad de palabras esperada era: 15 . Se obtuvo: 16]]>
            </message>
            <full-stacktrace>
              <![CDATA[junit.framework.AssertionFailedError: La cantidad de palabras esperada era: 15 . Se obtuvo: 16
	at junit.framework.Assert.fail(Assert.java:50)
	at junit.framework.Assert.assertTrue(Assert.java:20)
	at com.lumu.automationTesting.CheckNumberOfWords.checkNumberOfWords(CheckNumberOfWords.java:33)
	at java.base/jdk.internal.reflect.NativeMethodAccessorImpl.invoke0(Native Method)
	at java.base/jdk.internal.reflect.NativeMethodAccessorImpl.invoke(NativeMethodAccessorImpl.java:77)
	at java.base/jdk.internal.reflect.DelegatingMethodAccessorImpl.invoke(DelegatingMethodAccessorImpl.java:43)
	at java.base/java.lang.reflect.Method.invoke(Method.java:568)
	at org.testng.internal.MethodInvocationHelper.invokeMethod(MethodInvocationHelper.java:80)
	at org.testng.internal.Invoker.invokeMethod(Invoker.java:714)
	at org.testng.internal.Invoker.invokeTestMethod(Invoker.java:901)
	at org.testng.internal.Invoker.invokeTestMethods(Invoker.java:1231)
	at org.testng.internal.TestMethodWorker.invokeTestMethods(TestMethodWorker.java:127)
	at org.testng.internal.TestMethodWorker.run(TestMethodWorker.java:111)
	at org.testng.TestRunner.privateRun(TestRunner.java:767)
	at org.testng.TestRunner.run(TestRunner.java:617)
	at org.testng.SuiteRunner.runTest(SuiteRunner.java:334)
	at org.testng.SuiteRunner.runSequentially(SuiteRunner.java:329)
	at org.testng.SuiteRunner.privateRun(SuiteRunner.java:291)
	at org.testng.SuiteRunner.run(SuiteRunner.java:240)
	at org.testng.SuiteRunnerWorker.runSuite(SuiteRunnerWorker.java:52)
	at org.testng.SuiteRunnerWorker.run(SuiteRunnerWorker.java:86)
	at org.testng.TestNG.runSuitesSequentially(TestNG.java:1198)
	at org.testng.TestNG.runSuitesLocally(TestNG.java:1123)
	at org.testng.TestNG.run(TestNG.java:1031)
	at org.testng.remote.AbstractRemoteTestNG.run(AbstractRemoteTestNG.java:115)
	at org.testng.remote.RemoteTestNG.initAndRun(RemoteTestNG.java:251)
	at org.testng.remote.RemoteTestNG.main(RemoteTestNG.java:77)
]]>
            </full-stacktrace>
          </exception> <!-- junit.framework.AssertionFailedError -->
          <reporter-output>
          </reporter-output>
        </test-method> <!-- checkNumberOfWords -->
        <test-method is-config="true" signature="afterMethod()[pri:0, instance:com.lumu.automationTesting.CheckNumberOfWords@305ffe9e]" started-at="2022-05-01T17:39:18Z" name="afterMethod" finished-at="2022-05-01T17:39:19Z" duration-ms="1104" status="PASS">
          <reporter-output>
          </reporter-output>
        </test-method> <!-- afterMethod -->
        <test-method is-config="true" signature="openWordCounterPage()[pri:0, instance:com.lumu.automationTesting.CheckNumberOfWords@305ffe9e]" started-at="2022-05-01T17:39:19Z" name="openWordCounterPage" finished-at="2022-05-01T17:39:28Z" duration-ms="8698" status="PASS">
          <reporter-output>
          </reporter-output>
        </test-method> <!-- openWordCounterPage -->
        <test-method signature="checkNumberOfWords(java.lang.String)[pri:0, instance:com.lumu.automationTesting.CheckNumberOfWords@305ffe9e]" started-at="2022-05-01T17:39:28Z" name="checkNumberOfWords" data-provider="testString" finished-at="2022-05-01T17:39:29Z" duration-ms="1012" status="PASS">
          <params>
            <param index="0">
              <value>
                <![CDATA[LUMU LUMU LUMU lumu lumu illuminates illuminates attacks and adversaries lumu illuminates all attacks and adversaries]]>
              </value>
            </param>
          </params>
          <reporter-output>
          </reporter-output>
        </test-method> <!-- checkNumberOfWords -->
        <test-method is-config="true" signature="afterMethod()[pri:0, instance:com.lumu.automationTesting.CheckNumberOfWords@305ffe9e]" started-at="2022-05-01T17:39:29Z" name="afterMethod" finished-at="2022-05-01T17:39:30Z" duration-ms="552" status="PASS">
          <reporter-output>
          </reporter-output>
        </test-method> <!-- afterMethod -->
        <test-method is-config="true" signature="openWordCounterPage()[pri:0, instance:com.lumu.automationTesting.CheckNumberOfWords@305ffe9e]" started-at="2022-05-01T17:39:30Z" name="openWordCounterPage" finished-at="2022-05-01T17:39:39Z" duration-ms="9308" status="PASS">
          <reporter-output>
          </reporter-output>
        </test-method> <!-- openWordCounterPage -->
        <test-method signature="checkNumberOfWords(java.lang.String)[pri:0, instance:com.lumu.automationTesting.CheckNumberOfWords@305ffe9e]" started-at="2022-05-01T17:39:39Z" name="checkNumberOfWords" data-provider="testString" finished-at="2022-05-01T17:39:40Z" duration-ms="1018" status="PASS">
          <params>
            <param index="0">
              <value>
                <![CDATA[Prueba usando caracteres especiales, no deben contar como palabras , * - )]]>
              </value>
            </param>
          </params>
          <reporter-output>
          </reporter-output>
        </test-method> <!-- checkNumberOfWords -->
        <test-method is-config="true" signature="afterMethod()[pri:0, instance:com.lumu.automationTesting.CheckNumberOfWords@305ffe9e]" started-at="2022-05-01T17:39:40Z" name="afterMethod" finished-at="2022-05-01T17:39:40Z" duration-ms="254" status="PASS">
          <reporter-output>
          </reporter-output>
        </test-method> <!-- afterMethod -->
        <test-method is-config="true" signature="openWordCounterPage()[pri:0, instance:com.lumu.automationTesting.CheckNumberOfWords@305ffe9e]" started-at="2022-05-01T17:39:40Z" name="openWordCounterPage" finished-at="2022-05-01T17:39:50Z" duration-ms="9370" status="PASS">
          <reporter-output>
          </reporter-output>
        </test-method> <!-- openWordCounterPage -->
        <test-method signature="checkNumberOfWords(java.lang.String)[pri:0, instance:com.lumu.automationTesting.CheckNumberOfWords@305ffe9e]" started-at="2022-05-01T17:39:50Z" name="checkNumberOfWords" data-provider="testString" finished-at="2022-05-01T17:39:51Z" duration-ms="919" status="PASS">
          <params>
            <param index="0">
              <value>
                <![CDATA[Este String no tiene caracteres especiales ni números, así que no debería fallar]]>
              </value>
            </param>
          </params>
          <reporter-output>
          </reporter-output>
        </test-method> <!-- checkNumberOfWords -->
        <test-method is-config="true" signature="afterMethod()[pri:0, instance:com.lumu.automationTesting.CheckNumberOfWords@305ffe9e]" started-at="2022-05-01T17:39:51Z" name="afterMethod" finished-at="2022-05-01T17:39:51Z" duration-ms="285" status="PASS">
          <reporter-output>
          </reporter-output>
        </test-method> <!-- afterMethod -->
      </class> <!-- com.lumu.automationTesting.CheckNumberOfWords -->
      <class name="com.lumu.automationTesting.CheckDensityWords">
        <test-method is-config="true" signature="openWordCounterPage()[pri:0, instance:com.lumu.automationTesting.CheckDensityWords@5ddeb7cb]" started-at="2022-05-01T17:39:51Z" name="openWordCounterPage" finished-at="2022-05-01T17:40:02Z" duration-ms="11120" status="PASS">
          <reporter-output>
          </reporter-output>
        </test-method> <!-- openWordCounterPage -->
        <test-method signature="checkDensityWords(java.lang.String)[pri:0, instance:com.lumu.automationTesting.CheckDensityWords@5ddeb7cb]" started-at="2022-05-01T17:40:02Z" name="checkDensityWords" data-provider="testStringDensities" finished-at="2022-05-01T17:40:03Z" duration-ms="1022" status="PASS">
          <params>
            <param index="0">
              <value>
                <![CDATA[SIMPLE COUNT TEST. APP COUNT ARTICLES PREPOSITIONS?]]>
              </value>
            </param>
          </params>
          <reporter-output>
          </reporter-output>
        </test-method> <!-- checkDensityWords -->
        <test-method is-config="true" signature="afterMethod()[pri:0, instance:com.lumu.automationTesting.CheckDensityWords@5ddeb7cb]" started-at="2022-05-01T17:40:03Z" name="afterMethod" finished-at="2022-05-01T17:40:03Z" duration-ms="277" status="PASS">
          <reporter-output>
          </reporter-output>
        </test-method> <!-- afterMethod -->
        <test-method is-config="true" signature="openWordCounterPage()[pri:0, instance:com.lumu.automationTesting.CheckDensityWords@5ddeb7cb]" started-at="2022-05-01T17:40:03Z" name="openWordCounterPage" finished-at="2022-05-01T17:40:13Z" duration-ms="9759" status="PASS">
          <reporter-output>
          </reporter-output>
        </test-method> <!-- openWordCounterPage -->
        <test-method signature="checkDensityWords(java.lang.String)[pri:0, instance:com.lumu.automationTesting.CheckDensityWords@5ddeb7cb]" started-at="2022-05-01T17:40:13Z" name="checkDensityWords" data-provider="testStringDensities" finished-at="2022-05-01T17:40:14Z" duration-ms="944" status="FAIL">
          <params>
            <param index="0">
              <value>
                <![CDATA[TEST TEST TO LUMU, LUMU COUNT WORDS WORDS AND WORDS]]>
              </value>
            </param>
          </params>
          <exception class="junit.framework.AssertionFailedError">
            <message>
              <![CDATA[La cantidad de keywords es diferente. Cantidad Keywords esperado 6 Keywords obtenido: 4]]>
            </message>
            <full-stacktrace>
              <![CDATA[junit.framework.AssertionFailedError: La cantidad de keywords es diferente. Cantidad Keywords esperado 6 Keywords obtenido: 4
	at junit.framework.Assert.fail(Assert.java:50)
	at junit.framework.Assert.assertTrue(Assert.java:20)
	at com.lumu.automationTesting.CheckDensityWords.checkDensityWords(CheckDensityWords.java:34)
	at java.base/jdk.internal.reflect.NativeMethodAccessorImpl.invoke0(Native Method)
	at java.base/jdk.internal.reflect.NativeMethodAccessorImpl.invoke(NativeMethodAccessorImpl.java:77)
	at java.base/jdk.internal.reflect.DelegatingMethodAccessorImpl.invoke(DelegatingMethodAccessorImpl.java:43)
	at java.base/java.lang.reflect.Method.invoke(Method.java:568)
	at org.testng.internal.MethodInvocationHelper.invokeMethod(MethodInvocationHelper.java:80)
	at org.testng.internal.Invoker.invokeMethod(Invoker.java:714)
	at org.testng.internal.Invoker.invokeTestMethod(Invoker.java:901)
	at org.testng.internal.Invoker.invokeTestMethods(Invoker.java:1231)
	at org.testng.internal.TestMethodWorker.invokeTestMethods(TestMethodWorker.java:127)
	at org.testng.internal.TestMethodWorker.run(TestMethodWorker.java:111)
	at org.testng.TestRunner.privateRun(TestRunner.java:767)
	at org.testng.TestRunner.run(TestRunner.java:617)
	at org.testng.SuiteRunner.runTest(SuiteRunner.java:334)
	at org.testng.SuiteRunner.runSequentially(SuiteRunner.java:329)
	at org.testng.SuiteRunner.privateRun(SuiteRunner.java:291)
	at org.testng.SuiteRunner.run(SuiteRunner.java:240)
	at org.testng.SuiteRunnerWorker.runSuite(SuiteRunnerWorker.java:52)
	at org.testng.SuiteRunnerWorker.run(SuiteRunnerWorker.java:86)
	at org.testng.TestNG.runSuitesSequentially(TestNG.java:1198)
	at org.testng.TestNG.runSuitesLocally(TestNG.java:1123)
	at org.testng.TestNG.run(TestNG.java:1031)
	at org.testng.remote.AbstractRemoteTestNG.run(AbstractRemoteTestNG.java:115)
	at org.testng.remote.RemoteTestNG.initAndRun(RemoteTestNG.java:251)
	at org.testng.remote.RemoteTestNG.main(RemoteTestNG.java:77)
]]>
            </full-stacktrace>
          </exception> <!-- junit.framework.AssertionFailedError -->
          <reporter-output>
          </reporter-output>
        </test-method> <!-- checkDensityWords -->
        <test-method is-config="true" signature="afterMethod()[pri:0, instance:com.lumu.automationTesting.CheckDensityWords@5ddeb7cb]" started-at="2022-05-01T17:40:14Z" name="afterMethod" finished-at="2022-05-01T17:40:14Z" duration-ms="244" status="PASS">
          <reporter-output>
          </reporter-output>
        </test-method> <!-- afterMethod -->
        <test-method is-config="true" signature="openWordCounterPage()[pri:0, instance:com.lumu.automationTesting.CheckDensityWords@5ddeb7cb]" started-at="2022-05-01T17:40:14Z" name="openWordCounterPage" finished-at="2022-05-01T17:40:24Z" duration-ms="9650" status="PASS">
          <reporter-output>
          </reporter-output>
        </test-method> <!-- openWordCounterPage -->
        <test-method signature="checkDensityWords(java.lang.String)[pri:0, instance:com.lumu.automationTesting.CheckDensityWords@5ddeb7cb]" started-at="2022-05-01T17:40:24Z" name="checkDensityWords" data-provider="testStringDensities" finished-at="2022-05-01T17:40:25Z" duration-ms="1092" status="FAIL">
          <params>
            <param index="0">
              <value>
                <![CDATA[LUMU LUMU LUMU lumu lumu illuminates illuminates attacks and adversaries lumu illuminates all attacks and adversaries]]>
              </value>
            </param>
          </params>
          <exception class="junit.framework.AssertionFailedError">
            <message>
              <![CDATA[La cantidad de keywords es diferente. Cantidad Keywords esperado 6 Keywords obtenido: 5]]>
            </message>
            <full-stacktrace>
              <![CDATA[junit.framework.AssertionFailedError: La cantidad de keywords es diferente. Cantidad Keywords esperado 6 Keywords obtenido: 5
	at junit.framework.Assert.fail(Assert.java:50)
	at junit.framework.Assert.assertTrue(Assert.java:20)
	at com.lumu.automationTesting.CheckDensityWords.checkDensityWords(CheckDensityWords.java:34)
	at java.base/jdk.internal.reflect.NativeMethodAccessorImpl.invoke0(Native Method)
	at java.base/jdk.internal.reflect.NativeMethodAccessorImpl.invoke(NativeMethodAccessorImpl.java:77)
	at java.base/jdk.internal.reflect.DelegatingMethodAccessorImpl.invoke(DelegatingMethodAccessorImpl.java:43)
	at java.base/java.lang.reflect.Method.invoke(Method.java:568)
	at org.testng.internal.MethodInvocationHelper.invokeMethod(MethodInvocationHelper.java:80)
	at org.testng.internal.Invoker.invokeMethod(Invoker.java:714)
	at org.testng.internal.Invoker.invokeTestMethod(Invoker.java:901)
	at org.testng.internal.Invoker.invokeTestMethods(Invoker.java:1231)
	at org.testng.internal.TestMethodWorker.invokeTestMethods(TestMethodWorker.java:127)
	at org.testng.internal.TestMethodWorker.run(TestMethodWorker.java:111)
	at org.testng.TestRunner.privateRun(TestRunner.java:767)
	at org.testng.TestRunner.run(TestRunner.java:617)
	at org.testng.SuiteRunner.runTest(SuiteRunner.java:334)
	at org.testng.SuiteRunner.runSequentially(SuiteRunner.java:329)
	at org.testng.SuiteRunner.privateRun(SuiteRunner.java:291)
	at org.testng.SuiteRunner.run(SuiteRunner.java:240)
	at org.testng.SuiteRunnerWorker.runSuite(SuiteRunnerWorker.java:52)
	at org.testng.SuiteRunnerWorker.run(SuiteRunnerWorker.java:86)
	at org.testng.TestNG.runSuitesSequentially(TestNG.java:1198)
	at org.testng.TestNG.runSuitesLocally(TestNG.java:1123)
	at org.testng.TestNG.run(TestNG.java:1031)
	at org.testng.remote.AbstractRemoteTestNG.run(AbstractRemoteTestNG.java:115)
	at org.testng.remote.RemoteTestNG.initAndRun(RemoteTestNG.java:251)
	at org.testng.remote.RemoteTestNG.main(RemoteTestNG.java:77)
]]>
            </full-stacktrace>
          </exception> <!-- junit.framework.AssertionFailedError -->
          <reporter-output>
          </reporter-output>
        </test-method> <!-- checkDensityWords -->
        <test-method is-config="true" signature="afterMethod()[pri:0, instance:com.lumu.automationTesting.CheckDensityWords@5ddeb7cb]" started-at="2022-05-01T17:40:25Z" name="afterMethod" finished-at="2022-05-01T17:40:25Z" duration-ms="227" status="PASS">
          <reporter-output>
          </reporter-output>
        </test-method> <!-- afterMethod -->
        <test-method is-config="true" signature="openWordCounterPage()[pri:0, instance:com.lumu.automationTesting.CheckDensityWords@5ddeb7cb]" started-at="2022-05-01T17:40:25Z" name="openWordCounterPage" finished-at="2022-05-01T17:40:35Z" duration-ms="9773" status="PASS">
          <reporter-output>
          </reporter-output>
        </test-method> <!-- openWordCounterPage -->
        <test-method signature="checkDensityWords(java.lang.String)[pri:0, instance:com.lumu.automationTesting.CheckDensityWords@5ddeb7cb]" started-at="2022-05-01T17:40:35Z" name="checkDensityWords" data-provider="testStringDensities" finished-at="2022-05-01T17:40:36Z" duration-ms="977" status="FAIL">
          <params>
            <param index="0">
              <value>
                <![CDATA[DENSITY OF WORD, THE DENSITY IS IMPORTANT TO LUMU]]>
              </value>
            </param>
          </params>
          <exception class="junit.framework.AssertionFailedError">
            <message>
              <![CDATA[La cantidad de keywords es diferente. Cantidad Keywords esperado 8 Keywords obtenido: 4]]>
            </message>
            <full-stacktrace>
              <![CDATA[junit.framework.AssertionFailedError: La cantidad de keywords es diferente. Cantidad Keywords esperado 8 Keywords obtenido: 4
	at junit.framework.Assert.fail(Assert.java:50)
	at junit.framework.Assert.assertTrue(Assert.java:20)
	at com.lumu.automationTesting.CheckDensityWords.checkDensityWords(CheckDensityWords.java:34)
	at java.base/jdk.internal.reflect.NativeMethodAccessorImpl.invoke0(Native Method)
	at java.base/jdk.internal.reflect.NativeMethodAccessorImpl.invoke(NativeMethodAccessorImpl.java:77)
	at java.base/jdk.internal.reflect.DelegatingMethodAccessorImpl.invoke(DelegatingMethodAccessorImpl.java:43)
	at java.base/java.lang.reflect.Method.invoke(Method.java:568)
	at org.testng.internal.MethodInvocationHelper.invokeMethod(MethodInvocationHelper.java:80)
	at org.testng.internal.Invoker.invokeMethod(Invoker.java:714)
	at org.testng.internal.Invoker.invokeTestMethod(Invoker.java:901)
	at org.testng.internal.Invoker.invokeTestMethods(Invoker.java:1231)
	at org.testng.internal.TestMethodWorker.invokeTestMethods(TestMethodWorker.java:127)
	at org.testng.internal.TestMethodWorker.run(TestMethodWorker.java:111)
	at org.testng.TestRunner.privateRun(TestRunner.java:767)
	at org.testng.TestRunner.run(TestRunner.java:617)
	at org.testng.SuiteRunner.runTest(SuiteRunner.java:334)
	at org.testng.SuiteRunner.runSequentially(SuiteRunner.java:329)
	at org.testng.SuiteRunner.privateRun(SuiteRunner.java:291)
	at org.testng.SuiteRunner.run(SuiteRunner.java:240)
	at org.testng.SuiteRunnerWorker.runSuite(SuiteRunnerWorker.java:52)
	at org.testng.SuiteRunnerWorker.run(SuiteRunnerWorker.java:86)
	at org.testng.TestNG.runSuitesSequentially(TestNG.java:1198)
	at org.testng.TestNG.runSuitesLocally(TestNG.java:1123)
	at org.testng.TestNG.run(TestNG.java:1031)
	at org.testng.remote.AbstractRemoteTestNG.run(AbstractRemoteTestNG.java:115)
	at org.testng.remote.RemoteTestNG.initAndRun(RemoteTestNG.java:251)
	at org.testng.remote.RemoteTestNG.main(RemoteTestNG.java:77)
]]>
            </full-stacktrace>
          </exception> <!-- junit.framework.AssertionFailedError -->
          <reporter-output>
          </reporter-output>
        </test-method> <!-- checkDensityWords -->
        <test-method is-config="true" signature="afterMethod()[pri:0, instance:com.lumu.automationTesting.CheckDensityWords@5ddeb7cb]" started-at="2022-05-01T17:40:36Z" name="afterMethod" finished-at="2022-05-01T17:40:37Z" duration-ms="1030" status="PASS">
          <reporter-output>
          </reporter-output>
        </test-method> <!-- afterMethod -->
        <test-method is-config="true" signature="openWordCounterPage()[pri:0, instance:com.lumu.automationTesting.CheckDensityWords@5ddeb7cb]" started-at="2022-05-01T17:40:37Z" name="openWordCounterPage" finished-at="2022-05-01T17:40:46Z" duration-ms="9447" status="PASS">
          <reporter-output>
          </reporter-output>
        </test-method> <!-- openWordCounterPage -->
        <test-method signature="checkDensityWords(java.lang.String)[pri:0, instance:com.lumu.automationTesting.CheckDensityWords@5ddeb7cb]" started-at="2022-05-01T17:40:46Z" name="checkDensityWords" data-provider="testStringDensities" finished-at="2022-05-01T17:40:47Z" duration-ms="874" status="PASS">
          <params>
            <param index="0">
              <value>
                <![CDATA[AUTOMATION TEST LUMU, TEST AUTOMATION]]>
              </value>
            </param>
          </params>
          <reporter-output>
          </reporter-output>
        </test-method> <!-- checkDensityWords -->
        <test-method is-config="true" signature="afterMethod()[pri:0, instance:com.lumu.automationTesting.CheckDensityWords@5ddeb7cb]" started-at="2022-05-01T17:40:47Z" name="afterMethod" finished-at="2022-05-01T17:40:48Z" duration-ms="200" status="PASS">
          <reporter-output>
          </reporter-output>
        </test-method> <!-- afterMethod -->
      </class> <!-- com.lumu.automationTesting.CheckDensityWords -->
      <class name="com.lumu.automationTesting.CheckNumberOfCharacters">
        <test-method is-config="true" signature="openWordCounterPage()[pri:0, instance:com.lumu.automationTesting.CheckNumberOfCharacters@514646ef]" started-at="2022-05-01T17:40:48Z" name="openWordCounterPage" finished-at="2022-05-01T17:41:04Z" duration-ms="16359" status="PASS">
          <reporter-output>
          </reporter-output>
        </test-method> <!-- openWordCounterPage -->
        <test-method signature="checkNumberOfCharacters(java.lang.String)[pri:0, instance:com.lumu.automationTesting.CheckNumberOfCharacters@514646ef]" started-at="2022-05-01T17:41:04Z" name="checkNumberOfCharacters" data-provider="testString" finished-at="2022-05-01T17:41:05Z" duration-ms="944" status="PASS">
          <params>
            <param index="0">
              <value>
                <![CDATA[Prueba Densidad de Palabras, cuando se tienen números 123 en la cadena, No los debe contar.]]>
              </value>
            </param>
          </params>
          <reporter-output>
          </reporter-output>
        </test-method> <!-- checkNumberOfCharacters -->
        <test-method is-config="true" signature="afterMethod()[pri:0, instance:com.lumu.automationTesting.CheckNumberOfCharacters@514646ef]" started-at="2022-05-01T17:41:05Z" name="afterMethod" finished-at="2022-05-01T17:41:05Z" duration-ms="289" status="PASS">
          <reporter-output>
          </reporter-output>
        </test-method> <!-- afterMethod -->
        <test-method is-config="true" signature="openWordCounterPage()[pri:0, instance:com.lumu.automationTesting.CheckNumberOfCharacters@514646ef]" started-at="2022-05-01T17:41:05Z" name="openWordCounterPage" finished-at="2022-05-01T17:41:14Z" duration-ms="8993" status="PASS">
          <reporter-output>
          </reporter-output>
        </test-method> <!-- openWordCounterPage -->
        <test-method signature="checkNumberOfCharacters(java.lang.String)[pri:0, instance:com.lumu.automationTesting.CheckNumberOfCharacters@514646ef]" started-at="2022-05-01T17:41:14Z" name="checkNumberOfCharacters" data-provider="testString" finished-at="2022-05-01T17:41:15Z" duration-ms="952" status="PASS">
          <params>
            <param index="0">
              <value>
                <![CDATA[LUMU LUMU LUMU lumu lumu illuminates illuminates attacks and adversaries lumu illuminates all attacks and adversaries]]>
              </value>
            </param>
          </params>
          <reporter-output>
          </reporter-output>
        </test-method> <!-- checkNumberOfCharacters -->
        <test-method is-config="true" signature="afterMethod()[pri:0, instance:com.lumu.automationTesting.CheckNumberOfCharacters@514646ef]" started-at="2022-05-01T17:41:15Z" name="afterMethod" finished-at="2022-05-01T17:41:15Z" duration-ms="229" status="PASS">
          <reporter-output>
          </reporter-output>
        </test-method> <!-- afterMethod -->
        <test-method is-config="true" signature="openWordCounterPage()[pri:0, instance:com.lumu.automationTesting.CheckNumberOfCharacters@514646ef]" started-at="2022-05-01T17:41:15Z" name="openWordCounterPage" finished-at="2022-05-01T17:41:24Z" duration-ms="9146" status="PASS">
          <reporter-output>
          </reporter-output>
        </test-method> <!-- openWordCounterPage -->
        <test-method signature="checkNumberOfCharacters(java.lang.String)[pri:0, instance:com.lumu.automationTesting.CheckNumberOfCharacters@514646ef]" started-at="2022-05-01T17:41:24Z" name="checkNumberOfCharacters" data-provider="testString" finished-at="2022-05-01T17:41:25Z" duration-ms="899" status="PASS">
          <params>
            <param index="0">
              <value>
                <![CDATA[Prueba usando caracteres especiales, no deben contar como palabras , * - )]]>
              </value>
            </param>
          </params>
          <reporter-output>
          </reporter-output>
        </test-method> <!-- checkNumberOfCharacters -->
        <test-method is-config="true" signature="afterMethod()[pri:0, instance:com.lumu.automationTesting.CheckNumberOfCharacters@514646ef]" started-at="2022-05-01T17:41:25Z" name="afterMethod" finished-at="2022-05-01T17:41:26Z" duration-ms="244" status="PASS">
          <reporter-output>
          </reporter-output>
        </test-method> <!-- afterMethod -->
        <test-method is-config="true" signature="openWordCounterPage()[pri:0, instance:com.lumu.automationTesting.CheckNumberOfCharacters@514646ef]" started-at="2022-05-01T17:41:26Z" name="openWordCounterPage" finished-at="2022-05-01T17:41:34Z" duration-ms="8815" status="PASS">
          <reporter-output>
          </reporter-output>
        </test-method> <!-- openWordCounterPage -->
        <test-method signature="checkNumberOfCharacters(java.lang.String)[pri:0, instance:com.lumu.automationTesting.CheckNumberOfCharacters@514646ef]" started-at="2022-05-01T17:41:34Z" name="checkNumberOfCharacters" data-provider="testString" finished-at="2022-05-01T17:41:35Z" duration-ms="934" status="PASS">
          <params>
            <param index="0">
              <value>
                <![CDATA[Este String no tiene caracteres especiales ni números, así que no debería fallar]]>
              </value>
            </param>
          </params>
          <reporter-output>
          </reporter-output>
        </test-method> <!-- checkNumberOfCharacters -->
        <test-method is-config="true" signature="afterMethod()[pri:0, instance:com.lumu.automationTesting.CheckNumberOfCharacters@514646ef]" started-at="2022-05-01T17:41:35Z" name="afterMethod" finished-at="2022-05-01T17:41:36Z" duration-ms="269" status="PASS">
          <reporter-output>
          </reporter-output>
        </test-method> <!-- afterMethod -->
      </class> <!-- com.lumu.automationTesting.CheckNumberOfCharacters -->
    </test> <!-- Default test -->
  </suite> <!-- Default suite -->
</testng-results>
